        -:    0:Source:dominion.c
        -:    0:Graph:dominion.gcno
        -:    0:Data:dominion.gcda
        -:    0:Runs:8
        -:    0:Programs:1
        -:    1:#include "dominion.h"
        -:    2:#include "dominion_helpers.h"
        -:    3:#include "rngs.h"
        -:    4:#include <stdio.h>
        -:    5:#include <math.h>
        -:    6:#include <stdlib.h>
        -:    7:
        -:    8:int compare(const void* a, const void* b) {
      224:    9:  if (*(int*)a > *(int*)b)
    #####:   10:    return 1;
      224:   11:  if (*(int*)a < *(int*)b)
       80:   12:    return -1;
      144:   13:  return 0;
      224:   14:}
        -:   15:
        -:   16:struct gameState* newGame() {
    #####:   17:  struct gameState* g = malloc(sizeof(struct gameState));
    #####:   18:  return g;
        -:   19:}
        -:   20:
        -:   21:int* kingdomCards(int k1, int k2, int k3, int k4, int k5, int k6, int k7,
        -:   22:		  int k8, int k9, int k10) {
    #####:   23:  int* k = malloc(10 * sizeof(int));
    #####:   24:  k[0] = k1;
    #####:   25:  k[1] = k2;
    #####:   26:  k[2] = k3;
    #####:   27:  k[3] = k4;
    #####:   28:  k[4] = k5;
    #####:   29:  k[5] = k6;
    #####:   30:  k[6] = k7;
    #####:   31:  k[7] = k8;
    #####:   32:  k[8] = k9;
    #####:   33:  k[9] = k10;
    #####:   34:  return k;
        -:   35:}
        -:   36:
        -:   37:int initializeGame(int numPlayers, int kingdomCards[10], int randomSeed,
        -:   38:		   struct gameState *state) {
        -:   39:
        -:   40:  int i;
        -:   41:  int j;
        -:   42:  int it;			
        -:   43:  //set up random number generator
        8:   44:  SelectStream(1);
        8:   45:  PutSeed((long)randomSeed);
        -:   46:  
        -:   47:  //check number of players
       16:   48:  if (numPlayers > MAX_PLAYERS || numPlayers < 2)
        -:   49:    {
    #####:   50:      return -1;
        -:   51:    }
        -:   52:
        -:   53:  //set number of players
        8:   54:  state->numPlayers = numPlayers;
        -:   55:
        -:   56:  //check selected kingdom cards are different
      176:   57:  for (i = 0; i < 10; i++)
        -:   58:    {
     1760:   59:      for (j = 0; j < 10; j++)
        -:   60:        {
     1520:   61:	  if (j != i && kingdomCards[j] == kingdomCards[i])
        -:   62:	    {
    #####:   63:	      return -1;
        -:   64:	    }
      800:   65:        }
       80:   66:    }
        -:   67:
        -:   68:
        -:   69:  //initialize supply
        -:   70:  ///////////////////////////////
        -:   71:
        -:   72:  //set number of Curse cards
        8:   73:  if (numPlayers == 2)
        -:   74:    {
        8:   75:      state->supplyCount[curse] = 10;
        8:   76:    }
    #####:   77:  else if (numPlayers == 3)
        -:   78:    {
    #####:   79:      state->supplyCount[curse] = 20;
    #####:   80:    }
        -:   81:  else
        -:   82:    {
    #####:   83:      state->supplyCount[curse] = 30;
        -:   84:    }
        -:   85:
        -:   86:  //set number of Victory cards
        8:   87:  if (numPlayers == 2)
        -:   88:    {
        8:   89:      state->supplyCount[estate] = 8;
        8:   90:      state->supplyCount[duchy] = 8;
        8:   91:      state->supplyCount[province] = 8;
        8:   92:    }
        -:   93:  else
        -:   94:    {
    #####:   95:      state->supplyCount[estate] = 12;
    #####:   96:      state->supplyCount[duchy] = 12;
    #####:   97:      state->supplyCount[province] = 12;
        -:   98:    }
        -:   99:
        -:  100:  //set number of Treasure cards
        8:  101:  state->supplyCount[copper] = 60 - (7 * numPlayers);
        8:  102:  state->supplyCount[silver] = 40;
        8:  103:  state->supplyCount[gold] = 30;
        -:  104:
        -:  105:  //set number of Kingdom cards
      336:  106:  for (i = adventurer; i <= treasure_map; i++)       	//loop all cards
        -:  107:    {
     2640:  108:      for (j = 0; j < 10; j++)           		//loop chosen cards
        -:  109:	{
     1240:  110:	  if (kingdomCards[j] == i)
        -:  111:	    {
        -:  112:	      //check if card is a 'Victory' Kingdom card
      160:  113:	      if (kingdomCards[j] == great_hall || kingdomCards[j] == gardens)
        -:  114:		{
        8:  115:		  if (numPlayers == 2){ 
        8:  116:		    state->supplyCount[i] = 8; 
        8:  117:		  }
    #####:  118:		  else{ state->supplyCount[i] = 12; }
        8:  119:		}
        -:  120:	      else
        -:  121:		{
       72:  122:		  state->supplyCount[i] = 10;
        -:  123:		}
       80:  124:	      break;
        -:  125:	    }
        -:  126:	  else    //card is not in the set choosen for the game
        -:  127:	    {
     1160:  128:	      state->supplyCount[i] = -1;
        -:  129:	    }
     1160:  130:	}
        -:  131:
      160:  132:    }
        -:  133:
        -:  134:  ////////////////////////
        -:  135:  //supply intilization complete
        -:  136:
        -:  137:  //set player decks
       48:  138:  for (i = 0; i < numPlayers; i++)
        -:  139:    {
       16:  140:      state->deckCount[i] = 0;
      128:  141:      for (j = 0; j < 3; j++)
        -:  142:	{
       48:  143:	  state->deck[i][j] = estate;
       48:  144:	  state->deckCount[i]++;
       48:  145:	}
      256:  146:      for (j = 3; j < 10; j++)
        -:  147:	{
      112:  148:	  state->deck[i][j] = copper;
      112:  149:	  state->deckCount[i]++;		
      112:  150:	}
       16:  151:    }
        -:  152:
        -:  153:  //shuffle player decks
       48:  154:  for (i = 0; i < numPlayers; i++)
        -:  155:    {
       16:  156:      if ( shuffle(i, state) < 0 )
        -:  157:	{
    #####:  158:	  return -1;
        -:  159:	}
       16:  160:    }
        -:  161:
        -:  162:  //draw player hands
       48:  163:  for (i = 0; i < numPlayers; i++)
        -:  164:    {  
        -:  165:      //initialize hand size to zero
       16:  166:      state->handCount[i] = 0;
       16:  167:      state->discardCount[i] = 0;
        -:  168:      //draw 5 cards
        -:  169:      // for (j = 0; j < 5; j++)
        -:  170:      //	{
        -:  171:      //	  drawCard(i, state);
        -:  172:      //	}
       16:  173:    }
        -:  174:  
        -:  175:  //set embargo tokens to 0 for all supply piles
      448:  176:  for (i = 0; i <= treasure_map; i++)
        -:  177:    {
      216:  178:      state->embargoTokens[i] = 0;
      216:  179:    }
        -:  180:
        -:  181:  //initialize first player's turn
        8:  182:  state->outpostPlayed = 0;
        8:  183:  state->phase = 0;
        8:  184:  state->numActions = 1;
        8:  185:  state->numBuys = 1;
        8:  186:  state->playedCardCount = 0;
        8:  187:  state->whoseTurn = 0;
        8:  188:  state->handCount[state->whoseTurn] = 0;
        -:  189:  //int it; move to top
        -:  190:
        -:  191:  //Moved draw cards to here, only drawing at the start of a turn
       96:  192:  for (it = 0; it < 5; it++){
       40:  193:    drawCard(state->whoseTurn, state);
       40:  194:  }
        -:  195:
        8:  196:  updateCoins(state->whoseTurn, state, 0);
        -:  197:
        8:  198:  return 0;
        8:  199:}
        -:  200:
        -:  201:int shuffle(int player, struct gameState *state) {
        -:  202: 
        -:  203:
        -:  204:  int newDeck[MAX_DECK];
       16:  205:  int newDeckPos = 0;
        -:  206:  int card;
        -:  207:  int i;
        -:  208:
       16:  209:  if (state->deckCount[player] < 1)
    #####:  210:    return -1;
       16:  211:  qsort ((void*)(state->deck[player]), state->deckCount[player], sizeof(int), compare); 
        -:  212:  /* SORT CARDS IN DECK TO ENSURE DETERMINISM! */
        -:  213:
      352:  214:  while (state->deckCount[player] > 0) {
      160:  215:    card = floor(Random() * state->deckCount[player]);
      160:  216:    newDeck[newDeckPos] = state->deck[player][card];
      160:  217:    newDeckPos++;
     1198:  218:    for (i = card; i < state->deckCount[player]-1; i++) {
      439:  219:      state->deck[player][i] = state->deck[player][i+1];
      439:  220:    }
      160:  221:    state->deckCount[player]--;
        -:  222:  }
      352:  223:  for (i = 0; i < newDeckPos; i++) {
      160:  224:    state->deck[player][i] = newDeck[i];
      160:  225:    state->deckCount[player]++;
      160:  226:  }
        -:  227:
       16:  228:  return 0;
       16:  229:}
        -:  230:
        -:  231:int playCard(int handPos, int choice1, int choice2, int choice3, struct gameState *state) 
        -:  232:{	
        -:  233:  int card;
    #####:  234:  int coin_bonus = 0; 		//tracks coins gain from actions
        -:  235:
        -:  236:  //check if it is the right phase
    #####:  237:  if (state->phase != 0)
        -:  238:    {
    #####:  239:      return -1;
        -:  240:    }
        -:  241:	
        -:  242:  //check if player has enough actions
    #####:  243:  if ( state->numActions < 1 )
        -:  244:    {
    #####:  245:      return -1;
        -:  246:    }
        -:  247:	
        -:  248:  //get card played
    #####:  249:  card = handCard(handPos, state);
        -:  250:	
        -:  251:  //check if selected card is an action
    #####:  252:  if ( card < adventurer || card > treasure_map )
        -:  253:    {
    #####:  254:      return -1;
        -:  255:    }
        -:  256:	
        -:  257:  //play card
    #####:  258:  if ( cardEffect(card, choice1, choice2, choice3, state, handPos, &coin_bonus) < 0 )
        -:  259:    {
    #####:  260:      return -1;
        -:  261:    }
        -:  262:	
        -:  263:  //reduce number of actions
    #####:  264:  state->numActions--;
        -:  265:
        -:  266:  //update coins (Treasure cards may be added with card draws)
    #####:  267:  updateCoins(state->whoseTurn, state, coin_bonus);
        -:  268:	
    #####:  269:  return 0;
    #####:  270:}
        -:  271:
        -:  272:int buyCard(int supplyPos, struct gameState *state) {
        -:  273:  int who;
        -:  274:  if (DEBUG){
        -:  275:    printf("Entering buyCard...\n");
        -:  276:  }
        -:  277:
        -:  278:  // I don't know what to do about the phase thing.
        -:  279:
    #####:  280:  who = state->whoseTurn;
        -:  281:
    #####:  282:  if (state->numBuys < 1){
        -:  283:    if (DEBUG)
        -:  284:      printf("You do not have any buys left\n");
    #####:  285:    return -1;
    #####:  286:  } else if (supplyCount(supplyPos, state) <1){
        -:  287:    if (DEBUG)
        -:  288:      printf("There are not any of that type of card left\n");
    #####:  289:    return -1;
    #####:  290:  } else if (state->coins < getCost(supplyPos)){
        -:  291:    if (DEBUG) 
        -:  292:      printf("You do not have enough money to buy that. You have %d coins.\n", state->coins);
    #####:  293:    return -1;
        -:  294:  } else {
    #####:  295:    state->phase=1;
        -:  296:    //state->supplyCount[supplyPos]--;
    #####:  297:    gainCard(supplyPos, state, 0, who); //card goes in discard, this might be wrong.. (2 means goes into hand, 0 goes into discard)
        -:  298:  
    #####:  299:    state->coins = (state->coins) - (getCost(supplyPos));
    #####:  300:    state->numBuys--;
        -:  301:    if (DEBUG)
        -:  302:      printf("You bought card number %d for %d coins. You now have %d buys and %d coins.\n", supplyPos, getCost(supplyPos), state->numBuys, state->coins);
        -:  303:  }
        -:  304:
        -:  305:  //state->discard[who][state->discardCount[who]] = supplyPos;
        -:  306:  //state->discardCount[who]++;
        -:  307:    
    #####:  308:  return 0;
    #####:  309:}
        -:  310:
        -:  311:int numHandCards(struct gameState *state) {
    16000:  312:  return state->handCount[ whoseTurn(state) ];
        -:  313:}
        -:  314:
        -:  315:int handCard(int handPos, struct gameState *state) {
    28000:  316:  int currentPlayer = whoseTurn(state);
    28000:  317:  return state->hand[currentPlayer][handPos];
        -:  318:}
        -:  319:
        -:  320:int supplyCount(int card, struct gameState *state) {
     9001:  321:  return state->supplyCount[card];
        -:  322:}
        -:  323:
        -:  324:int fullDeckCount(int player, int card, struct gameState *state) {
        -:  325:  int i;
     4000:  326:  int count = 0;
        -:  327:
    48000:  328:  for (i = 0; i < state->deckCount[player]; i++)
        -:  329:    {
    23000:  330:      if (state->deck[player][i] == card) count++;
    20000:  331:    }
        -:  332:
    48000:  333:  for (i = 0; i < state->handCount[player]; i++)
        -:  334:    {
    24000:  335:      if (state->hand[player][i] == card) count++;
    20000:  336:    }
        -:  337:
     8000:  338:  for (i = 0; i < state->discardCount[player]; i++)
        -:  339:    {
    #####:  340:      if (state->discard[player][i] == card) count++;
    #####:  341:    }
        -:  342:
     4000:  343:  return count;
        -:  344:}
        -:  345:
        -:  346:int whoseTurn(struct gameState *state) {
    56015:  347:  return state->whoseTurn;
        -:  348:}
        -:  349:
        -:  350:int endTurn(struct gameState *state) {
        -:  351:  int k;
        -:  352:  int i;
    #####:  353:  int currentPlayer = whoseTurn(state);
        -:  354:  
        -:  355:  //Discard hand
    #####:  356:  for (i = 0; i < state->handCount[currentPlayer]; i++){
    #####:  357:    state->discard[currentPlayer][state->discardCount[currentPlayer]++] = state->hand[currentPlayer][i];//Discard
    #####:  358:    state->hand[currentPlayer][i] = -1;//Set card to -1
    #####:  359:  }
    #####:  360:  state->handCount[currentPlayer] = 0;//Reset hand count
        -:  361:    
        -:  362:  //Code for determining the player
    #####:  363:  if (currentPlayer < (state->numPlayers - 1)){ 
    #####:  364:    state->whoseTurn = currentPlayer + 1;//Still safe to increment
    #####:  365:  }
        -:  366:  else{
    #####:  367:    state->whoseTurn = 0;//Max player has been reached, loop back around to player 1
        -:  368:  }
        -:  369:
    #####:  370:  state->outpostPlayed = 0;
    #####:  371:  state->phase = 0;
    #####:  372:  state->numActions = 1;
    #####:  373:  state->coins = 0;
    #####:  374:  state->numBuys = 1;
    #####:  375:  state->playedCardCount = 0;
    #####:  376:  state->handCount[state->whoseTurn] = 0;
        -:  377:
        -:  378:  //int k; move to top
        -:  379:  //Next player draws hand
    #####:  380:  for (k = 0; k < 5; k++){
    #####:  381:    drawCard(state->whoseTurn, state);//Draw a card
    #####:  382:  }
        -:  383:
        -:  384:  //Update money
    #####:  385:  updateCoins(state->whoseTurn, state , 0);
        -:  386:
    #####:  387:  return 0;
        -:  388:}
        -:  389:
        -:  390:int isGameOver(struct gameState *state) {
        -:  391:  int i;
        -:  392:  int j;
        -:  393:	
        -:  394:  //if stack of Province cards is empty, the game ends
     4000:  395:  if (state->supplyCount[province] == 0)
        -:  396:    {
     1000:  397:      return 1;
        -:  398:    }
        -:  399:
        -:  400:  //if three supply pile are at 0, the game ends
     3000:  401:  j = 0;
   156000:  402:  for (i = 0; i < 25; i++)
        -:  403:    {
    75000:  404:      if (state->supplyCount[i] == 0)
        -:  405:	{
     6000:  406:	  j++;
     6000:  407:	}
    75000:  408:    }
     3000:  409:  if ( j >= 3)
        -:  410:    {
     1000:  411:      return 1;
        -:  412:    }
        -:  413:
     2000:  414:  return 0;
     4000:  415:}
        -:  416:
        -:  417:int scoreFor (int player, struct gameState *state) {
        -:  418:
        -:  419:  int i;
    #####:  420:  int score = 0;
        -:  421:  //score from hand
    #####:  422:  for (i = 0; i < state->handCount[player]; i++)
        -:  423:    {
    #####:  424:      if (state->hand[player][i] == curse) { score = score - 1; };
    #####:  425:      if (state->hand[player][i] == estate) { score = score + 1; };
    #####:  426:      if (state->hand[player][i] == duchy) { score = score + 3; };
    #####:  427:      if (state->hand[player][i] == province) { score = score + 6; };
    #####:  428:      if (state->hand[player][i] == great_hall) { score = score + 1; };
    #####:  429:      if (state->hand[player][i] == gardens) { score = score + ( fullDeckCount(player, 0, state) / 10 ); };
    #####:  430:    }
        -:  431:
        -:  432:  //score from discard
    #####:  433:  for (i = 0; i < state->discardCount[player]; i++)
        -:  434:    {
    #####:  435:      if (state->discard[player][i] == curse) { score = score - 1; };
    #####:  436:      if (state->discard[player][i] == estate) { score = score + 1; };
    #####:  437:      if (state->discard[player][i] == duchy) { score = score + 3; };
    #####:  438:      if (state->discard[player][i] == province) { score = score + 6; };
    #####:  439:      if (state->discard[player][i] == great_hall) { score = score + 1; };
    #####:  440:      if (state->discard[player][i] == gardens) { score = score + ( fullDeckCount(player, 0, state) / 10 ); };
    #####:  441:    }
        -:  442:
        -:  443:  //score from deck
    #####:  444:  for (i = 0; i < state->discardCount[player]; i++)
        -:  445:    {
    #####:  446:      if (state->deck[player][i] == curse) { score = score - 1; };
    #####:  447:      if (state->deck[player][i] == estate) { score = score + 1; };
    #####:  448:      if (state->deck[player][i] == duchy) { score = score + 3; };
    #####:  449:      if (state->deck[player][i] == province) { score = score + 6; };
    #####:  450:      if (state->deck[player][i] == great_hall) { score = score + 1; };
    #####:  451:      if (state->deck[player][i] == gardens) { score = score + ( fullDeckCount(player, 0, state) / 10 ); };
    #####:  452:    }
        -:  453:
    #####:  454:  return score;
        -:  455:}
        -:  456:
        -:  457:int getWinners(int players[MAX_PLAYERS], struct gameState *state) {
        -:  458:  int i;	
        -:  459:  int j;
        -:  460:  int highScore;
        -:  461:  int currentPlayer;
        -:  462:
        -:  463:  //get score for each player
    #####:  464:  for (i = 0; i < MAX_PLAYERS; i++)
        -:  465:    {
        -:  466:      //set unused player scores to -9999
    #####:  467:      if (i >= state->numPlayers)
        -:  468:	{
    #####:  469:	  players[i] = -9999;
    #####:  470:	}
        -:  471:      else
        -:  472:	{
    #####:  473:	  players[i] = scoreFor (i, state);
        -:  474:	}
    #####:  475:    }
        -:  476:
        -:  477:  //find highest score
    #####:  478:  j = 0;
    #####:  479:  for (i = 0; i < MAX_PLAYERS; i++)
        -:  480:    {
    #####:  481:      if (players[i] > players[j])
        -:  482:	{
    #####:  483:	  j = i;
    #####:  484:	}
    #####:  485:    }
    #####:  486:  highScore = players[j];
        -:  487:
        -:  488:  //add 1 to players who had less turns
    #####:  489:  currentPlayer = whoseTurn(state);
    #####:  490:  for (i = 0; i < MAX_PLAYERS; i++)
        -:  491:    {
    #####:  492:      if ( players[i] == highScore && i > currentPlayer )
        -:  493:	{
    #####:  494:	  players[i]++;
    #####:  495:	}
    #####:  496:    }
        -:  497:
        -:  498:  //find new highest score
    #####:  499:  j = 0;
    #####:  500:  for (i = 0; i < MAX_PLAYERS; i++)
        -:  501:    {
    #####:  502:      if ( players[i] > players[j] )
        -:  503:	{
    #####:  504:	  j = i;
    #####:  505:	}
    #####:  506:    }
    #####:  507:  highScore = players[j];
        -:  508:
        -:  509:  //set winners in array to 1 and rest to 0
    #####:  510:  for (i = 0; i < MAX_PLAYERS; i++)
        -:  511:    {
    #####:  512:      if ( players[i] == highScore )
        -:  513:	{
    #####:  514:	  players[i] = 1;
    #####:  515:	}
        -:  516:      else
        -:  517:	{
    #####:  518:	  players[i] = 0;
        -:  519:	}
    #####:  520:    }
        -:  521:
    #####:  522:  return 0;
        -:  523:}
        -:  524:
        -:  525:int drawCard(int player, struct gameState *state)
        -:  526:{	int count;
        -:  527:  int deckCounter;
    28052:  528:  if (state->deckCount[player] <= 0){//Deck is empty
        -:  529:    
        -:  530:    //Step 1 Shuffle the discard pile back into a deck
        -:  531:    int i;
        -:  532:    //Move discard to deck
    #####:  533:    for (i = 0; i < state->discardCount[player];i++){
    #####:  534:      state->deck[player][i] = state->discard[player][i];
    #####:  535:      state->discard[player][i] = -1;
    #####:  536:    }
        -:  537:
    #####:  538:    state->deckCount[player] = state->discardCount[player];
    #####:  539:    state->discardCount[player] = 0;//Reset discard
        -:  540:
        -:  541:    //Shufffle the deck
    #####:  542:    shuffle(player, state);//Shuffle the deck up and make it so that we can draw
        -:  543:   
        -:  544:    if (DEBUG){//Debug statements
        -:  545:      printf("Deck count now: %d\n", state->deckCount[player]);
        -:  546:    }
        -:  547:    
    #####:  548:    state->discardCount[player] = 0;
        -:  549:
        -:  550:    //Step 2 Draw Card
    #####:  551:    count = state->handCount[player];//Get current player's hand count
        -:  552:    
        -:  553:    if (DEBUG){//Debug statements
        -:  554:      printf("Current hand count: %d\n", count);
        -:  555:    }
        -:  556:    
    #####:  557:    deckCounter = state->deckCount[player];//Create a holder for the deck count
        -:  558:
    #####:  559:    if (deckCounter == 0)
    #####:  560:      return -1;
        -:  561:
    #####:  562:    state->hand[player][count] = state->deck[player][deckCounter - 1];//Add card to hand
    #####:  563:    state->deckCount[player]--;
    #####:  564:    state->handCount[player]++;//Increment hand count
    #####:  565:  }
        -:  566:
        -:  567:  else{
    28052:  568:    int count = state->handCount[player];//Get current hand count for player
        -:  569:    int deckCounter;
        -:  570:    if (DEBUG){//Debug statements
        -:  571:      printf("Current hand count: %d\n", count);
        -:  572:    }
        -:  573:
    28052:  574:    deckCounter = state->deckCount[player];//Create holder for the deck count
    28052:  575:    state->hand[player][count] = state->deck[player][deckCounter - 1];//Add card to the hand
    28052:  576:    state->deckCount[player]--;
    28052:  577:    state->handCount[player]++;//Increment hand count
        -:  578:  }
        -:  579:
    28052:  580:  return 0;
    28052:  581:}
        -:  582:
        -:  583:int getCost(int cardNumber)
        -:  584:{
     5000:  585:  switch( cardNumber ) 
        -:  586:    {
        -:  587:    case curse:
     1000:  588:      return 0;
        -:  589:    case estate:
    #####:  590:      return 2;
        -:  591:    case duchy:
    #####:  592:      return 5;
        -:  593:    case province:
    #####:  594:      return 8;
        -:  595:    case copper:
    #####:  596:      return 0;
        -:  597:    case silver:
     3000:  598:      return 3;
        -:  599:    case gold:
     1000:  600:      return 6;
        -:  601:    case adventurer:
    #####:  602:      return 6;
        -:  603:    case council_room:
    #####:  604:      return 5;
        -:  605:    case feast:
    #####:  606:      return 4;
        -:  607:    case gardens:
    #####:  608:      return 4;
        -:  609:    case mine:
    #####:  610:      return 5;
        -:  611:    case remodel:
    #####:  612:      return 4;
        -:  613:    case smithy:
    #####:  614:      return 4;
        -:  615:    case village:
    #####:  616:      return 3;
        -:  617:    case baron:
    #####:  618:      return 4;
        -:  619:    case great_hall:
    #####:  620:      return 3;
        -:  621:    case minion:
    #####:  622:      return 5;
        -:  623:    case steward:
    #####:  624:      return 3;
        -:  625:    case tribute:
    #####:  626:      return 5;
        -:  627:    case ambassador:
    #####:  628:      return 3;
        -:  629:    case cutpurse:
    #####:  630:      return 4;
        -:  631:    case embargo: 
    #####:  632:      return 2;
        -:  633:    case outpost:
    #####:  634:      return 5;
        -:  635:    case salvager:
    #####:  636:      return 4;
        -:  637:    case sea_hag:
    #####:  638:      return 4;
        -:  639:    case treasure_map:
    #####:  640:      return 4;
        -:  641:    }
        -:  642:	
    #####:  643:  return -1;
     5000:  644:}
        -:  645:
        -:  646://adventurer card function as called by cardEffect function switch
        -:  647://Error:  Changed state->handCount[currentPlayer]-- to ++ in else statement.  Changing gameplay
        -:  648:int adventurerCard(int *drawntreasure, int *cardDrawn, struct gameState *state, int currentPlayer, int *temphand, int *z ) {
    24008:  649:    while(*drawntreasure<2){
     9003:  650:        if (state->deckCount[currentPlayer] <1){//if the deck is empty we need to shuffle discard and add to deck
    #####:  651:            shuffle(currentPlayer, state);
    #####:  652:        }
     9003:  653:        drawCard(currentPlayer, state);
     9003:  654:        *cardDrawn = state->hand[currentPlayer][state->handCount[currentPlayer]-1];//top card of hand is most recently drawn card.
    15005:  655:        if (*cardDrawn == copper || *cardDrawn == silver || *cardDrawn == gold)
     6002:  656:            (*drawntreasure)++;
        -:  657:        else{
     3001:  658:            temphand[*z]=*cardDrawn;
     3001:  659:            state->handCount[currentPlayer]++; //this should just remove the top card (the most recently drawn one).
     3001:  660:            (*z)++;
        -:  661:        }
        -:  662:    }
    12004:  663:    while(*z-1>=0){
     3001:  664:        state->discard[currentPlayer][state->discardCount[currentPlayer]++]=temphand[*z-1]; // discard all cards in play that have been drawn
     3001:  665:        *z=*z-1;
        -:  666:    }
     3001:  667:    return 0;
        -:  668:}
        -:  669:
        -:  670://smithy card function as called by cardEffect function switch
        -:  671://Error:  changing for loop from < 3  to <= 3, changing gameplay
        -:  672:int smithyCard(int currentPlayer, struct gameState *state, int handPos) {
        -:  673:    int i;
        -:  674:    //+3 Cards
    10010:  675:    for (i = 0; i <= 3; i++)
        -:  676:    {
     4004:  677:        drawCard(currentPlayer, state);
     4004:  678:    }
        -:  679:    
        -:  680:    //discard card from hand
     1001:  681:    discardCard(handPos, currentPlayer, state, 0);
     1001:  682:    return 0;
        -:  683:}
        -:  684:
        -:  685://council room card function as called by cardEffect function switch
        -:  686://Error:  Changed if ( i != currentPlayer ) in second for loop to: if ( i == currentPlayer )
        -:  687:int council_roomCard(int currentPlayer, struct gameState *state, int handPos) {
        -:  688:    int i;
        -:  689:    //+4 Cards
    30010:  690:    for (i = 0; i < 4; i++)
        -:  691:    {
    12004:  692:        drawCard(currentPlayer, state);
    12004:  693:    }
        -:  694:    
        -:  695:    //+1 Buy
     3001:  696:    state->numBuys++;
        -:  697:    
        -:  698:    //Each other player draws a card
    18006:  699:    for (i = 0; i < state->numPlayers; i++)
        -:  700:    {
     6002:  701:        if ( i == currentPlayer )
        -:  702:        {
     3001:  703:            drawCard(i, state);
     3001:  704:        }
     6002:  705:    }
        -:  706:    
        -:  707:    //put played card in played card pile
     3001:  708:    discardCard(handPos, currentPlayer, state, 0);
     3001:  709:    return 0;
        -:  710:}
        -:  711:
        -:  712://feast card function as called by cardEffect function switch
        -:  713:int feastCard (struct gameState *state, int currentPlayer, int *temphand, int choice1) {
        -:  714:    int i, x;
        -:  715:    //gain card with cost up to 5
        -:  716:    //Backup hand
    70014:  717:    for (i = 0; i <= state->handCount[currentPlayer]; i++){
    30006:  718:        temphand[i] = state->hand[currentPlayer][i];//Backup card
    30006:  719:        state->hand[currentPlayer][i] = -1;//Set to nothing
    30006:  720:    }
        -:  721:    //Backup hand
        -:  722:    
        -:  723:    //Update Coins for Buy
     5001:  724:    updateCoins(currentPlayer, state, 5);
     5001:  725:    x = 1;//Condition to loop on
    20004:  726:    while( x == 1) {//Buy one card
     5001:  727:        if (supplyCount(choice1, state) <= 0){
        -:  728:            if (DEBUG) {
        -:  729:              printf("None of that card left, sorry!\n");
        -:  730:            }
        -:  731:            
        -:  732:            if (DEBUG){
        -:  733:                printf("Cards Left: %d\n", supplyCount(choice1, state));
        -:  734:            }
        -:  735:            //added to correct bug causing code to get stuck
        1:  736:            x = 0;
        1:  737:        }
     5000:  738:        else if (state->coins < getCost(choice1)){
        -:  739:            if (DEBUG) {
        -:  740:              printf("That card is too expensive!\n");
        -:  741:            }
        -:  742:            if (DEBUG){
        -:  743:                printf("Coins: %d < %d\n", state->coins, getCost(choice1));
        -:  744:            }
        -:  745:            //added to correct bug causing code to get stuck
     1000:  746:            x = 0;
     1000:  747:        }
        -:  748:        else{
        -:  749:            
        -:  750:            if (DEBUG){
        -:  751:                printf("Deck Count: %d\n", state->handCount[currentPlayer] + state->deckCount[currentPlayer] + state->discardCount[currentPlayer]);
        -:  752:            }
        -:  753:            
     4000:  754:            gainCard(choice1, state, 0, currentPlayer);//Gain the card
     4000:  755:            x = 0;//No more buying cards
        -:  756:            
        -:  757:            if (DEBUG){
        -:  758:                printf("Deck Count: %d\n", state->handCount[currentPlayer] + state->deckCount[currentPlayer] + state->discardCount[currentPlayer]);
        -:  759:            }
        -:  760:            
        -:  761:        }
        -:  762:    }
        -:  763:    //Reset Hand
    70014:  764:    for (i = 0; i <= state->handCount[currentPlayer]; i++){
    30006:  765:        state->hand[currentPlayer][i] = temphand[i];
    30006:  766:        temphand[i] = -1;
    30006:  767:    }
        -:  768:    //Reset Hand
        -:  769:    
     5001:  770:    return 0;
        -:  771:}
        -:  772:
        -:  773://mine card function as called by cardEffect function switch
        -:  774:// commented out break statement in inner discard if loop.  
        -:  775:int mineCard (struct gameState *state, int currentPlayer, int handPos, int choice1, int choice2) {
        -:  776:    int j,i;
    #####:  777:    j = state->hand[currentPlayer][choice1];  //store card we will trash
        -:  778:    
    #####:  779:    if (state->hand[currentPlayer][choice1] < copper || state->hand[currentPlayer][choice1] > gold)
        -:  780:    {
    #####:  781:        return -1;
        -:  782:    }
        -:  783:    
    #####:  784:    if (choice2 > treasure_map || choice2 < curse)
        -:  785:    {
    #####:  786:        return -1;
        -:  787:    }
        -:  788:    
    #####:  789:    if ( (getCost(state->hand[currentPlayer][choice1]) + 3) > getCost(choice2) )
        -:  790:    {
    #####:  791:        return -1;
        -:  792:    }
        -:  793:    
    #####:  794:    gainCard(choice2, state, 2, currentPlayer);
        -:  795:    
        -:  796:    //discard card from hand
    #####:  797:    discardCard(handPos, currentPlayer, state, 0);
        -:  798:    
        -:  799:    //discard trashed card
    #####:  800:    for (i = 0; i < state->handCount[currentPlayer]; i++)
        -:  801:    {
    #####:  802:        if (state->hand[currentPlayer][i] == j)
        -:  803:        {
    #####:  804:            discardCard(i, currentPlayer, state, 0);
        -:  805:            //break;
    #####:  806:        }
    #####:  807:    }
        -:  808:    
    #####:  809:    return 0;
        -:  810:    
    #####:  811:}
        -:  812:
        -:  813:int cardEffect(int card, int choice1, int choice2, int choice3, struct gameState *state, int handPos, int *bonus)
        -:  814:{
        -:  815:  int i;
        -:  816:  int j;
        -:  817:  int k;
        -:  818:  int index;
    12004:  819:  int currentPlayer = whoseTurn(state);
    12004:  820:  int nextPlayer = currentPlayer + 1;
        -:  821:
    12004:  822:  int tributeRevealedCards[2] = {-1, -1};
        -:  823:  int temphand[MAX_HAND];// moved above the if statement
    12004:  824:  int drawntreasure=0;
        -:  825:  int cardDrawn;
    12004:  826:  int z = 0;// this is the counter for the temp hand
    12004:  827:  if (nextPlayer > (state->numPlayers - 1)){
    #####:  828:    nextPlayer = 0;
    #####:  829:  }
        -:  830:  
        -:  831:	
        -:  832:  //uses switch to select card and perform actions
    12004:  833:  switch( card ) 
        -:  834:    {
        -:  835:    case adventurer:
     3001:  836:            return adventurerCard(&drawntreasure, &cardDrawn, state, currentPlayer, temphand, &z);
        -:  837:			
        -:  838:    case council_room:
     3001:  839:            return council_roomCard(currentPlayer, state, handPos);
        -:  840:			
        -:  841:    case feast:
     5001:  842:            return feastCard(state, currentPlayer, temphand, choice1);
        -:  843:        
        -:  844:    case gardens:
    #####:  845:            return -1;
        -:  846:			
        -:  847:    case mine:
    #####:  848:            return mineCard(state, currentPlayer, handPos, choice1, choice2);
        -:  849:            
        -:  850:    case remodel:
    #####:  851:      j = state->hand[currentPlayer][choice1];  //store card we will trash
        -:  852:
    #####:  853:      if ( (getCost(state->hand[currentPlayer][choice1]) + 2) > getCost(choice2) )
        -:  854:	{
    #####:  855:	  return -1;
        -:  856:	}
        -:  857:
    #####:  858:      gainCard(choice2, state, 0, currentPlayer);
        -:  859:
        -:  860:      //discard card from hand
    #####:  861:      discardCard(handPos, currentPlayer, state, 0);
        -:  862:
        -:  863:      //discard trashed card
    #####:  864:      for (i = 0; i < state->handCount[currentPlayer]; i++)
        -:  865:	{
    #####:  866:	  if (state->hand[currentPlayer][i] == j)
        -:  867:	    {
    #####:  868:	      discardCard(i, currentPlayer, state, 0);			
    #####:  869:	      break;
        -:  870:	    }
    #####:  871:	}
    #####:  872:      return 0;
        -:  873:		
        -:  874:    case smithy:
     1001:  875:            return smithyCard(currentPlayer, state, handPos);
        -:  876:		
        -:  877:    case village:
        -:  878:      //+1 Card
    #####:  879:      drawCard(currentPlayer, state);
        -:  880:			
        -:  881:      //+2 Actions
    #####:  882:      state->numActions = state->numActions + 2;
        -:  883:			
        -:  884:      //discard played card from hand
    #####:  885:      discardCard(handPos, currentPlayer, state, 0);
    #####:  886:      return 0;
        -:  887:		
        -:  888:    case baron:
    #####:  889:      state->numBuys++;//Increase buys by 1!
    #####:  890:      if (choice1 > 0){//Boolean true or going to discard an estate
    #####:  891:	int p = 0;//Iterator for hand!
    #####:  892:	int card_not_discarded = 1;//Flag for discard set!
    #####:  893:	while(card_not_discarded){
    #####:  894:	  if (state->hand[currentPlayer][p] == estate){//Found an estate card!
    #####:  895:	    state->coins += 4;//Add 4 coins to the amount of coins
    #####:  896:	    state->discard[currentPlayer][state->discardCount[currentPlayer]] = state->hand[currentPlayer][p];
    #####:  897:	    state->discardCount[currentPlayer]++;
    #####:  898:	    for (;p < state->handCount[currentPlayer]; p++){
    #####:  899:	      state->hand[currentPlayer][p] = state->hand[currentPlayer][p+1];
    #####:  900:	    }
    #####:  901:	    state->hand[currentPlayer][state->handCount[currentPlayer]] = -1;
    #####:  902:	    state->handCount[currentPlayer]--;
    #####:  903:	    card_not_discarded = 0;//Exit the loop
    #####:  904:	  }
    #####:  905:	  else if (p > state->handCount[currentPlayer]){
        -:  906:	    if(DEBUG) {
        -:  907:	      printf("No estate cards in your hand, invalid choice\n");
        -:  908:	      printf("Must gain an estate if there are any\n");
        -:  909:	    }
    #####:  910:	    if (supplyCount(estate, state) > 0){
    #####:  911:	      gainCard(estate, state, 0, currentPlayer);
    #####:  912:	      state->supplyCount[estate]--;//Decrement estates
    #####:  913:	      if (supplyCount(estate, state) == 0){
    #####:  914:		isGameOver(state);
    #####:  915:	      }
    #####:  916:	    }
    #####:  917:	    card_not_discarded = 0;//Exit the loop
    #####:  918:	  }
        -:  919:			    
        -:  920:	  else{
    #####:  921:	    p++;//Next card
        -:  922:	  }
        -:  923:	}
    #####:  924:      }
        -:  925:			    
        -:  926:      else{
    #####:  927:	if (supplyCount(estate, state) > 0){
    #####:  928:	  gainCard(estate, state, 0, currentPlayer);//Gain an estate
    #####:  929:	  state->supplyCount[estate]--;//Decrement Estates
    #####:  930:	  if (supplyCount(estate, state) == 0){
    #####:  931:	    isGameOver(state);
    #####:  932:	  }
    #####:  933:	}
        -:  934:      }
        -:  935:	    
        -:  936:      
    #####:  937:      return 0;
        -:  938:		
        -:  939:    case great_hall:
        -:  940:      //+1 Card
    #####:  941:      drawCard(currentPlayer, state);
        -:  942:			
        -:  943:      //+1 Actions
    #####:  944:      state->numActions++;
        -:  945:			
        -:  946:      //discard card from hand
    #####:  947:      discardCard(handPos, currentPlayer, state, 0);
    #####:  948:      return 0;
        -:  949:		
        -:  950:    case minion:
        -:  951:      //+1 action
    #####:  952:      state->numActions++;
        -:  953:			
        -:  954:      //discard card from hand
    #####:  955:      discardCard(handPos, currentPlayer, state, 0);
        -:  956:			
    #####:  957:      if (choice1)		//+2 coins
        -:  958:	{
    #####:  959:	  state->coins = state->coins + 2;
    #####:  960:	}
        -:  961:			
    #####:  962:      else if (choice2)		//discard hand, redraw 4, other players with 5+ cards discard hand and draw 4
        -:  963:	{
        -:  964:	  //discard hand
    #####:  965:	  while(numHandCards(state) > 0)
        -:  966:	    {
    #####:  967:	      discardCard(handPos, currentPlayer, state, 0);
        -:  968:	    }
        -:  969:				
        -:  970:	  //draw 4
    #####:  971:	  for (i = 0; i < 4; i++)
        -:  972:	    {
    #####:  973:	      drawCard(currentPlayer, state);
    #####:  974:	    }
        -:  975:				
        -:  976:	  //other players discard hand and redraw if hand size > 4
    #####:  977:	  for (i = 0; i < state->numPlayers; i++)
        -:  978:	    {
    #####:  979:	      if (i != currentPlayer)
        -:  980:		{
    #####:  981:		  if ( state->handCount[i] > 4 )
        -:  982:		    {
        -:  983:		      //discard hand
    #####:  984:		      while( state->handCount[i] > 0 )
        -:  985:			{
    #####:  986:			  discardCard(handPos, i, state, 0);
        -:  987:			}
        -:  988:							
        -:  989:		      //draw 4
    #####:  990:		      for (j = 0; j < 4; j++)
        -:  991:			{
    #####:  992:			  drawCard(i, state);
    #####:  993:			}
    #####:  994:		    }
    #####:  995:		}
    #####:  996:	    }
        -:  997:				
    #####:  998:	}
    #####:  999:      return 0;
        -: 1000:		
        -: 1001:    case steward:
    #####: 1002:      if (choice1 == 1)
        -: 1003:	{
        -: 1004:	  //+2 cards
    #####: 1005:	  drawCard(currentPlayer, state);
    #####: 1006:	  drawCard(currentPlayer, state);
    #####: 1007:	}
    #####: 1008:      else if (choice1 == 2)
        -: 1009:	{
        -: 1010:	  //+2 coins
    #####: 1011:	  state->coins = state->coins + 2;
    #####: 1012:	}
        -: 1013:      else
        -: 1014:	{
        -: 1015:	  //trash 2 cards in hand
    #####: 1016:	  discardCard(choice2, currentPlayer, state, 1);
    #####: 1017:	  discardCard(choice3, currentPlayer, state, 1);
        -: 1018:	}
        -: 1019:			
        -: 1020:      //discard card from hand
    #####: 1021:      discardCard(handPos, currentPlayer, state, 0);
    #####: 1022:      return 0;
        -: 1023:		
        -: 1024:    case tribute:
    #####: 1025:      if ((state->discardCount[nextPlayer] + state->deckCount[nextPlayer]) <= 1){
    #####: 1026:	if (state->deckCount[nextPlayer] > 0){
    #####: 1027:	  tributeRevealedCards[0] = state->deck[nextPlayer][state->deckCount[nextPlayer]-1];
    #####: 1028:	  state->deckCount[nextPlayer]--;
    #####: 1029:	}
    #####: 1030:	else if (state->discardCount[nextPlayer] > 0){
    #####: 1031:	  tributeRevealedCards[0] = state->discard[nextPlayer][state->discardCount[nextPlayer]-1];
    #####: 1032:	  state->discardCount[nextPlayer]--;
    #####: 1033:	}
        -: 1034:	else{
        -: 1035:	  //No Card to Reveal
        -: 1036:	  if (DEBUG){
        -: 1037:	    printf("No cards to reveal\n");
        -: 1038:	  }
        -: 1039:	}
    #####: 1040:      }
        -: 1041:	    
        -: 1042:      else{
    #####: 1043:	if (state->deckCount[nextPlayer] == 0){
    #####: 1044:	  for (i = 0; i < state->discardCount[nextPlayer]; i++){
    #####: 1045:	    state->deck[nextPlayer][i] = state->discard[nextPlayer][i];//Move to deck
    #####: 1046:	    state->deckCount[nextPlayer]++;
    #####: 1047:	    state->discard[nextPlayer][i] = -1;
    #####: 1048:	    state->discardCount[nextPlayer]--;
    #####: 1049:	  }
        -: 1050:			    
    #####: 1051:	  shuffle(nextPlayer,state);//Shuffle the deck
    #####: 1052:	} 
    #####: 1053:	tributeRevealedCards[0] = state->deck[nextPlayer][state->deckCount[nextPlayer]-1];
    #####: 1054:	state->deck[nextPlayer][state->deckCount[nextPlayer]--] = -1;
    #####: 1055:	state->deckCount[nextPlayer]--;
    #####: 1056:	tributeRevealedCards[1] = state->deck[nextPlayer][state->deckCount[nextPlayer]-1];
    #####: 1057:	state->deck[nextPlayer][state->deckCount[nextPlayer]--] = -1;
    #####: 1058:	state->deckCount[nextPlayer]--;
        -: 1059:      }    
        -: 1060:		       
    #####: 1061:      if (tributeRevealedCards[0] == tributeRevealedCards[1]){//If we have a duplicate card, just drop one 
    #####: 1062:	state->playedCards[state->playedCardCount] = tributeRevealedCards[1];
    #####: 1063:	state->playedCardCount++;
    #####: 1064:	tributeRevealedCards[1] = -1;
    #####: 1065:      }
        -: 1066:
    #####: 1067:      for (i = 0; i <= 2; i ++){
    #####: 1068:	if (tributeRevealedCards[i] == copper || tributeRevealedCards[i] == silver || tributeRevealedCards[i] == gold){//Treasure cards
    #####: 1069:	  state->coins += 2;
    #####: 1070:	}
        -: 1071:		    
    #####: 1072:	else if (tributeRevealedCards[i] == estate || tributeRevealedCards[i] == duchy || tributeRevealedCards[i] == province || tributeRevealedCards[i] == gardens || tributeRevealedCards[i] == great_hall){//Victory Card Found
    #####: 1073:	  drawCard(currentPlayer, state);
    #####: 1074:	  drawCard(currentPlayer, state);
    #####: 1075:	}
        -: 1076:	else{//Action Card
    #####: 1077:	  state->numActions = state->numActions + 2;
        -: 1078:	}
    #####: 1079:      }
        -: 1080:	    
    #####: 1081:      return 0;
        -: 1082:		
        -: 1083:    case ambassador:
    #####: 1084:      j = 0;		//used to check if player has enough cards to discard
        -: 1085:
    #####: 1086:      if (choice2 > 2 || choice2 < 0)
        -: 1087:	{
    #####: 1088:	  return -1;				
        -: 1089:	}
        -: 1090:
    #####: 1091:      if (choice1 == handPos)
        -: 1092:	{
    #####: 1093:	  return -1;
        -: 1094:	}
        -: 1095:
    #####: 1096:      for (i = 0; i < state->handCount[currentPlayer]; i++)
        -: 1097:	{
    #####: 1098:	  if (i != handPos && i == state->hand[currentPlayer][choice1] && i != choice1)
        -: 1099:	    {
    #####: 1100:	      j++;
    #####: 1101:	    }
    #####: 1102:	}
    #####: 1103:      if (j < choice2)
        -: 1104:	{
    #####: 1105:	  return -1;				
        -: 1106:	}
        -: 1107:
        -: 1108:      if (DEBUG) 
        -: 1109:	printf("Player %d reveals card number: %d\n", currentPlayer, state->hand[currentPlayer][choice1]);
        -: 1110:
        -: 1111:      //increase supply count for choosen card by amount being discarded
    #####: 1112:      state->supplyCount[state->hand[currentPlayer][choice1]] += choice2;
        -: 1113:			
        -: 1114:      //each other player gains a copy of revealed card
    #####: 1115:      for (i = 0; i < state->numPlayers; i++)
        -: 1116:	{
    #####: 1117:	  if (i != currentPlayer)
        -: 1118:	    {
    #####: 1119:	      gainCard(state->hand[currentPlayer][choice1], state, 0, i);
    #####: 1120:	    }
    #####: 1121:	}
        -: 1122:
        -: 1123:      //discard played card from hand
    #####: 1124:      discardCard(handPos, currentPlayer, state, 0);			
        -: 1125:
        -: 1126:      //trash copies of cards returned to supply
    #####: 1127:      for (j = 0; j < choice2; j++)
        -: 1128:	{
    #####: 1129:	  for (i = 0; i < state->handCount[currentPlayer]; i++)
        -: 1130:	    {
    #####: 1131:	      if (state->hand[currentPlayer][i] == state->hand[currentPlayer][choice1])
        -: 1132:		{
    #####: 1133:		  discardCard(i, currentPlayer, state, 1);
    #####: 1134:		  break;
        -: 1135:		}
    #####: 1136:	    }
    #####: 1137:	}			
        -: 1138:
    #####: 1139:      return 0;
        -: 1140:		
        -: 1141:    case cutpurse:
        -: 1142:
    #####: 1143:      updateCoins(currentPlayer, state, 2);
    #####: 1144:      for (i = 0; i < state->numPlayers; i++)
        -: 1145:	{
    #####: 1146:	  if (i != currentPlayer)
        -: 1147:	    {
    #####: 1148:	      for (j = 0; j < state->handCount[i]; j++)
        -: 1149:		{
    #####: 1150:		  if (state->hand[i][j] == copper)
        -: 1151:		    {
    #####: 1152:		      discardCard(j, i, state, 0);
    #####: 1153:		      break;
        -: 1154:		    }
    #####: 1155:		  if (j == state->handCount[i])
        -: 1156:		    {
    #####: 1157:		      for (k = 0; k < state->handCount[i]; k++)
        -: 1158:			{
        -: 1159:			  if (DEBUG)
        -: 1160:			    printf("Player %d reveals card number %d\n", i, state->hand[i][k]);
    #####: 1161:			}	
    #####: 1162:		      break;
        -: 1163:		    }		
    #####: 1164:		}
        -: 1165:					
    #####: 1166:	    }
        -: 1167:				
    #####: 1168:	}				
        -: 1169:
        -: 1170:      //discard played card from hand
    #####: 1171:      discardCard(handPos, currentPlayer, state, 0);			
        -: 1172:
    #####: 1173:      return 0;
        -: 1174:
        -: 1175:		
        -: 1176:    case embargo: 
        -: 1177:      //+2 Coins
    #####: 1178:      state->coins = state->coins + 2;
        -: 1179:			
        -: 1180:      //see if selected pile is in play
    #####: 1181:      if ( state->supplyCount[choice1] == -1 )
        -: 1182:	{
    #####: 1183:	  return -1;
        -: 1184:	}
        -: 1185:			
        -: 1186:      //add embargo token to selected supply pile
    #####: 1187:      state->embargoTokens[choice1]++;
        -: 1188:			
        -: 1189:      //trash card
    #####: 1190:      discardCard(handPos, currentPlayer, state, 1);		
    #####: 1191:      return 0;
        -: 1192:		
        -: 1193:    case outpost:
        -: 1194:      //set outpost flag
    #####: 1195:      state->outpostPlayed++;
        -: 1196:			
        -: 1197:      //discard card
    #####: 1198:      discardCard(handPos, currentPlayer, state, 0);
    #####: 1199:      return 0;
        -: 1200:		
        -: 1201:    case salvager:
        -: 1202:      //+1 buy
    #####: 1203:      state->numBuys++;
        -: 1204:			
    #####: 1205:      if (choice1)
        -: 1206:	{
        -: 1207:	  //gain coins equal to trashed card
    #####: 1208:	  state->coins = state->coins + getCost( handCard(choice1, state) );
        -: 1209:	  //trash card
    #####: 1210:	  discardCard(choice1, currentPlayer, state, 1);	
    #####: 1211:	}
        -: 1212:			
        -: 1213:      //discard card
    #####: 1214:      discardCard(handPos, currentPlayer, state, 0);
    #####: 1215:      return 0;
        -: 1216:		
        -: 1217:    case sea_hag:
    #####: 1218:      for (i = 0; i < state->numPlayers; i++){
    #####: 1219:	if (i != currentPlayer){
    #####: 1220:	  state->discard[i][state->discardCount[i]] = state->deck[i][state->deckCount[i]--];			    state->deckCount[i]--;
    #####: 1221:	  state->discardCount[i]++;
    #####: 1222:	  state->deck[i][state->deckCount[i]--] = curse;//Top card now a curse
    #####: 1223:	}
    #####: 1224:      }
    #####: 1225:      return 0;
        -: 1226:		
        -: 1227:    case treasure_map:
        -: 1228:      //search hand for another treasure_map
    #####: 1229:      index = -1;
    #####: 1230:      for (i = 0; i < state->handCount[currentPlayer]; i++)
        -: 1231:	{
    #####: 1232:	  if (state->hand[currentPlayer][i] == treasure_map && i != handPos)
        -: 1233:	    {
    #####: 1234:	      index = i;
    #####: 1235:	      break;
        -: 1236:	    }
    #####: 1237:	}
    #####: 1238:      if (index > -1)
        -: 1239:	{
        -: 1240:	  //trash both treasure cards
    #####: 1241:	  discardCard(handPos, currentPlayer, state, 1);
    #####: 1242:	  discardCard(index, currentPlayer, state, 1);
        -: 1243:
        -: 1244:	  //gain 4 Gold cards
    #####: 1245:	  for (i = 0; i < 4; i++)
        -: 1246:	    {
    #####: 1247:	      gainCard(gold, state, 1, currentPlayer);
    #####: 1248:	    }
        -: 1249:				
        -: 1250:	  //return success
    #####: 1251:	  return 1;
        -: 1252:	}
        -: 1253:			
        -: 1254:      //no second treasure_map found in hand
    #####: 1255:      return -1;
        -: 1256:    }
        -: 1257:	
    #####: 1258:  return -1;
    12004: 1259:}
        -: 1260:
        -: 1261:int discardCard(int handPos, int currentPlayer, struct gameState *state, int trashFlag)
        -: 1262:{
        -: 1263:	
        -: 1264:  //if card is not trashed, added to Played pile 
     4002: 1265:  if (trashFlag < 1)
        -: 1266:    {
        -: 1267:      //add card to played pile
     4002: 1268:      state->playedCards[state->playedCardCount] = state->hand[currentPlayer][handPos]; 
     4002: 1269:      state->playedCardCount++;
     4002: 1270:    }
        -: 1271:	
        -: 1272:  //set played card to -1
     4002: 1273:  state->hand[currentPlayer][handPos] = -1;
        -: 1274:	
        -: 1275:  //remove card from player's hand
     4002: 1276:  if ( handPos == (state->handCount[currentPlayer] - 1) ) 	//last card in hand array is played
        -: 1277:    {
        -: 1278:      //reduce number of cards in hand
    #####: 1279:      state->handCount[currentPlayer]--;
    #####: 1280:    }
     4002: 1281:  else if ( state->handCount[currentPlayer] == 1 ) //only one card in hand
        -: 1282:    {
        -: 1283:      //reduce number of cards in hand
    #####: 1284:      state->handCount[currentPlayer]--;
    #####: 1285:    }
        -: 1286:  else 	
        -: 1287:    {
        -: 1288:      //replace discarded card with last card in hand
     4002: 1289:      state->hand[currentPlayer][handPos] = state->hand[currentPlayer][ (state->handCount[currentPlayer] - 1)];
        -: 1290:      //set last card to -1
     4002: 1291:      state->hand[currentPlayer][state->handCount[currentPlayer] - 1] = -1;
        -: 1292:      //reduce number of cards in hand
     4002: 1293:      state->handCount[currentPlayer]--;
        -: 1294:    }
        -: 1295:	
     4002: 1296:  return 0;
        -: 1297:}
        -: 1298:
        -: 1299:int gainCard(int supplyPos, struct gameState *state, int toFlag, int player)
        -: 1300:{
        -: 1301:  //Note: supplyPos is enum of choosen card
        -: 1302:	
        -: 1303:  //check if supply pile is empty (0) or card is not used in game (-1)
     4000: 1304:  if ( supplyCount(supplyPos, state) < 1 )
        -: 1305:    {
    #####: 1306:      return -1;
        -: 1307:    }
        -: 1308:	
        -: 1309:  //added card for [whoseTurn] current player:
        -: 1310:  // toFlag = 0 : add to discard
        -: 1311:  // toFlag = 1 : add to deck
        -: 1312:  // toFlag = 2 : add to hand
        -: 1313:
     4000: 1314:  if (toFlag == 1)
        -: 1315:    {
    #####: 1316:      state->deck[ player ][ state->deckCount[player] ] = supplyPos;
    #####: 1317:      state->deckCount[player]++;
    #####: 1318:    }
     4000: 1319:  else if (toFlag == 2)
        -: 1320:    {
    #####: 1321:      state->hand[ player ][ state->handCount[player] ] = supplyPos;
    #####: 1322:      state->handCount[player]++;
    #####: 1323:    }
        -: 1324:  else
        -: 1325:    {
     4000: 1326:      state->discard[player][ state->discardCount[player] ] = supplyPos;
     4000: 1327:      state->discardCount[player]++;
        -: 1328:    }
        -: 1329:	
        -: 1330:  //decrease number in supply pile
     4000: 1331:  state->supplyCount[supplyPos]--;
        -: 1332:	 
     4000: 1333:  return 0;
     4000: 1334:}
        -: 1335:
        -: 1336:int updateCoins(int player, struct gameState *state, int bonus)
        -: 1337:{
        -: 1338:  int i;
        -: 1339:	
        -: 1340:  //reset coin count
    12009: 1341:  state->coins = 0;
        -: 1342:
        -: 1343:  //add coins for each Treasure card in player's hand
   134108: 1344:  for (i = 0; i < state->handCount[player]; i++)
        -: 1345:    {
    55045: 1346:      if (state->hand[player][i] == copper)
        -: 1347:	{
    15031: 1348:	  state->coins += 1;
    15031: 1349:	}
    40014: 1350:      else if (state->hand[player][i] == silver)
        -: 1351:	{
     7000: 1352:	  state->coins += 2;
     7000: 1353:	}
    33014: 1354:      else if (state->hand[player][i] == gold)
        -: 1355:	{
     6000: 1356:	  state->coins += 3;
     6000: 1357:	}	
    55045: 1358:    }	
        -: 1359:
        -: 1360:  //add bonus
    12009: 1361:  state->coins += bonus;
        -: 1362:
    12009: 1363:  return 0;
        -: 1364:}
        -: 1365:
        -: 1366:
        -: 1367://end of dominion.c
        -: 1368:
